빌드 시작: 2012-06-19 오전 11:44:20
     1>2 노드의 "c:\Users\chun\documents\visual studio 2010\Projects\power\power\power.vcxproj" 프로젝트(build 대상)입니다.
     1>PrepareForBuild:
         "c:\users\chun\documents\visual studio 2010\Projects\power\Debug\" 디렉터리를 만들고 있습니다.
       InitializeBuildStatus:
         "AlwaysCreate"이(가) 지정되었기 때문에 "Debug\power.unsuccessfulbuild"을(를) 만들고 있습니다.
       ClCompile:
         C:\Program Files\Microsoft Visual Studio 10.0\VC\bin\CL.exe /c /ZI /nologo /W3 /WX- /Od /Oy- /D WIN32 /D _DEBUG /D _CONSOLE /D _UNICODE /D UNICODE /Gm /EHsc /RTC1 /MDd /GS /fp:precise /Zc:wchar_t /Zc:forScope /Fo"Debug\\" /Fd"Debug\vc100.pdb" /Gd /TC /analyze- /errorReport:prompt main.c power.c
         power.c
         main.c
     1>c:\users\chun\documents\visual studio 2010\projects\power\power\main.c(10): warning C4996: 'scanf': This function or variable may be unsafe. Consider using scanf_s instead. To disable deprecation, use _CRT_SECURE_NO_WARNINGS. See online help for details.
                 c:\program files\microsoft visual studio 10.0\vc\include\stdio.h(304) : 'scanf' 선언을 참조하십시오.
     1>c:\users\chun\documents\visual studio 2010\projects\power\power\main.c(12): warning C4996: 'scanf': This function or variable may be unsafe. Consider using scanf_s instead. To disable deprecation, use _CRT_SECURE_NO_WARNINGS. See online help for details.
                 c:\program files\microsoft visual studio 10.0\vc\include\stdio.h(304) : 'scanf' 선언을 참조하십시오.
         코드를 생성하고 있습니다...
       ManifestResourceCompile:
         C:\Program Files\Microsoft SDKs\Windows\v7.0A\bin\rc.exe /nologo /fo"Debug\power.exe.embed.manifest.res" Debug\power_manifest.rc 
       Link:
         C:\Program Files\Microsoft Visual Studio 10.0\VC\bin\link.exe /ERRORREPORT:PROMPT /OUT:"c:\users\chun\documents\visual studio 2010\Projects\power\Debug\power.exe" /INCREMENTAL /NOLOGO kernel32.lib user32.lib gdi32.lib winspool.lib comdlg32.lib advapi32.lib shell32.lib ole32.lib oleaut32.lib uuid.lib odbc32.lib odbccp32.lib /MANIFEST /ManifestFile:"Debug\power.exe.intermediate.manifest" /MANIFESTUAC:"level='asInvoker' uiAccess='false'" /DEBUG /PDB:"c:\users\chun\documents\visual studio 2010\Projects\power\Debug\power.pdb" /SUBSYSTEM:CONSOLE /TLBID:1 /DYNAMICBASE /NXCOMPAT /IMPLIB:"c:\users\chun\documents\visual studio 2010\Projects\power\Debug\power.lib" /MACHINE:X86 Debug\power.exe.embed.manifest.res
         Debug\main.obj
         Debug\power.obj
       Manifest:
         C:\Program Files\Microsoft SDKs\Windows\v7.0A\bin\mt.exe /nologo /verbose /out:"Debug\power.exe.embed.manifest" /manifest Debug\power.exe.intermediate.manifest
         C:\Program Files\Microsoft SDKs\Windows\v7.0A\bin\rc.exe /nologo /fo"Debug\power.exe.embed.manifest.res" Debug\power_manifest.rc 
       LinkEmbedManifest:
         C:\Program Files\Microsoft Visual Studio 10.0\VC\bin\link.exe /ERRORREPORT:PROMPT /OUT:"c:\users\chun\documents\visual studio 2010\Projects\power\Debug\power.exe" /INCREMENTAL /NOLOGO kernel32.lib user32.lib gdi32.lib winspool.lib comdlg32.lib advapi32.lib shell32.lib ole32.lib oleaut32.lib uuid.lib odbc32.lib odbccp32.lib /MANIFEST /ManifestFile:"Debug\power.exe.intermediate.manifest" /MANIFESTUAC:"level='asInvoker' uiAccess='false'" /DEBUG /PDB:"c:\users\chun\documents\visual studio 2010\Projects\power\Debug\power.pdb" /SUBSYSTEM:CONSOLE /TLBID:1 /DYNAMICBASE /NXCOMPAT /IMPLIB:"c:\users\chun\documents\visual studio 2010\Projects\power\Debug\power.lib" /MACHINE:X86 Debug\power.exe.embed.manifest.res
         Debug\main.obj
         Debug\power.obj
         power.vcxproj -> c:\users\chun\documents\visual studio 2010\Projects\power\Debug\power.exe
       FinalizeBuildStatus:
         "Debug\power.unsuccessfulbuild" 파일을 삭제하고 있습니다.
         "Debug\power.lastbuildstate"에 연결(touching)하고 있습니다.
     1>"c:\Users\chun\documents\visual studio 2010\Projects\power\power\power.vcxproj" 프로젝트를 빌드했습니다(build 대상).

빌드했습니다.

경과 시간: 00:00:04.25
