빌드 시작: 2012-06-19 오후 4:39:16
     1>2 노드의 "c:\Users\chun\documents\visual studio 2010\Projects\rect\rect\rect.vcxproj" 프로젝트(build 대상)입니다.
     1>InitializeBuildStatus:
         "Debug\rect.unsuccessfulbuild"에 연결(touching)하고 있습니다.
       ClCompile:
         C:\Program Files\Microsoft Visual Studio 10.0\VC\bin\CL.exe /c /ZI /nologo /W3 /WX- /Od /Oy- /D WIN32 /D _DEBUG /D _CONSOLE /D _UNICODE /D UNICODE /Gm /EHsc /RTC1 /MDd /GS /fp:precise /Zc:wchar_t /Zc:forScope /Fo"Debug\\" /Fd"Debug\vc100.pdb" /Gd /TC /analyze- /errorReport:prompt main.c rect.c
         rect.c
         main.c
         코드를 생성하고 있습니다...
       ManifestResourceCompile:
         모든 출력이 최신 상태입니다.
       Link:
         C:\Program Files\Microsoft Visual Studio 10.0\VC\bin\link.exe /ERRORREPORT:PROMPT /OUT:"c:\users\chun\documents\visual studio 2010\Projects\rect\Debug\rect.exe" /INCREMENTAL /NOLOGO kernel32.lib user32.lib gdi32.lib winspool.lib comdlg32.lib advapi32.lib shell32.lib ole32.lib oleaut32.lib uuid.lib odbc32.lib odbccp32.lib /MANIFEST /ManifestFile:"Debug\rect.exe.intermediate.manifest" /MANIFESTUAC:"level='asInvoker' uiAccess='false'" /DEBUG /PDB:"c:\users\chun\documents\visual studio 2010\Projects\rect\Debug\rect.pdb" /SUBSYSTEM:CONSOLE /TLBID:1 /DYNAMICBASE /NXCOMPAT /IMPLIB:"c:\users\chun\documents\visual studio 2010\Projects\rect\Debug\rect.lib" /MACHINE:X86 Debug\rect.exe.embed.manifest.res
         Debug\main.obj
         Debug\rect.obj
       Manifest:
         C:\Program Files\Microsoft SDKs\Windows\v7.0A\bin\mt.exe /nologo /verbose /out:"Debug\rect.exe.embed.manifest" /manifest Debug\rect.exe.intermediate.manifest
         모든 출력이 최신 상태입니다.
       LinkEmbedManifest:
         모든 출력이 최신 상태입니다.
         rect.vcxproj -> c:\users\chun\documents\visual studio 2010\Projects\rect\Debug\rect.exe
       FinalizeBuildStatus:
         "Debug\rect.unsuccessfulbuild" 파일을 삭제하고 있습니다.
         "Debug\rect.lastbuildstate"에 연결(touching)하고 있습니다.
     1>"c:\Users\chun\documents\visual studio 2010\Projects\rect\rect\rect.vcxproj" 프로젝트를 빌드했습니다(build 대상).

빌드했습니다.

경과 시간: 00:00:00.50
